[debug] [2023-06-20T12:05:04.112Z] ----------------------------------------------------------------------
[debug] [2023-06-20T12:05:04.114Z] Command:       C:\Program Files\nodejs\node.exe C:\Users\kayde\AppData\Roaming\npm\node_modules\firebase-tools\lib\bin\firebase.js init
[debug] [2023-06-20T12:05:04.114Z] CLI Version:   12.4.0
[debug] [2023-06-20T12:05:04.114Z] Platform:      win32
[debug] [2023-06-20T12:05:04.115Z] Node Version:  v18.16.0
[debug] [2023-06-20T12:05:04.115Z] Time:          Tue Jun 20 2023 20:05:04 GMT+0800 (Singapore Standard Time)
[debug] [2023-06-20T12:05:04.116Z] ----------------------------------------------------------------------
[debug] 
[debug] [2023-06-20T12:05:04.173Z] > command requires scopes: ["email","openid","https://www.googleapis.com/auth/cloudplatformprojects.readonly","https://www.googleapis.com/auth/firebase","https://www.googleapis.com/auth/cloud-platform"]
[debug] [2023-06-20T12:05:04.174Z] > authorizing via signed-in user (kayden@cloudservetechcentral.com)
[info] 
     ######## #### ########  ######## ########     ###     ######  ########
     ##        ##  ##     ## ##       ##     ##  ##   ##  ##       ##
     ######    ##  ########  ######   ########  #########  ######  ######
     ##        ##  ##    ##  ##       ##     ## ##     ##       ## ##
     ##       #### ##     ## ######## ########  ##     ##  ######  ########

You're about to initialize a Firebase project in this directory:

  C:\Users\kayde\Desktop\000_projects\whatsappclone-v1

Before we get started, keep in mind:

  * You are initializing within an existing Firebase project directory

[info] 
=== Project Setup
[info] 
[info] First, let's associate this project directory with a Firebase project.
[info] You can create multiple project aliases by running firebase use --add, 
[info] but for now we'll just set up a default project.
[info] 
[info] i  .firebaserc already has a default project, using whatsapp-73989. 
[debug] [2023-06-20T12:05:22.867Z] >>> [apiv2][query] GET https://firebase.googleapis.com/v1beta1/projects/whatsapp-73989 [none]
[debug] [2023-06-20T12:05:23.266Z] <<< [apiv2][status] GET https://firebase.googleapis.com/v1beta1/projects/whatsapp-73989 403
[debug] [2023-06-20T12:05:23.266Z] <<< [apiv2][body] GET https://firebase.googleapis.com/v1beta1/projects/whatsapp-73989 {"error":{"code":403,"message":"The caller does not have permission","status":"PERMISSION_DENIED"}}
[debug] [2023-06-20T12:05:23.266Z] HTTP Error: 403, The caller does not have permission
[debug] [2023-06-20T12:05:23.302Z] FirebaseError: HTTP Error: 403, The caller does not have permission
    at responseToError (C:\Users\kayde\AppData\Roaming\npm\node_modules\firebase-tools\lib\responseToError.js:49:12)
    at RetryOperation._fn (C:\Users\kayde\AppData\Roaming\npm\node_modules\firebase-tools\lib\apiv2.js:288:77)
    at process.processTicksAndRejections (node:internal/process/task_queues:95:5)
[error] 
[error] Error: Failed to get Firebase project whatsapp-73989. Please make sure the project exists and your account has permission to access it.
[debug] [2023-06-20T12:05:32.168Z] ----------------------------------------------------------------------
[debug] [2023-06-20T12:05:32.170Z] Command:       C:\Program Files\nodejs\node.exe C:\Users\kayde\AppData\Roaming\npm\node_modules\firebase-tools\lib\bin\firebase.js init
[debug] [2023-06-20T12:05:32.170Z] CLI Version:   12.4.0
[debug] [2023-06-20T12:05:32.170Z] Platform:      win32
[debug] [2023-06-20T12:05:32.170Z] Node Version:  v18.16.0
[debug] [2023-06-20T12:05:32.171Z] Time:          Tue Jun 20 2023 20:05:32 GMT+0800 (Singapore Standard Time)
[debug] [2023-06-20T12:05:32.171Z] ----------------------------------------------------------------------
[debug] 
[debug] [2023-06-20T12:05:32.227Z] > command requires scopes: ["email","openid","https://www.googleapis.com/auth/cloudplatformprojects.readonly","https://www.googleapis.com/auth/firebase","https://www.googleapis.com/auth/cloud-platform"]
[debug] [2023-06-20T12:05:32.228Z] > authorizing via signed-in user (kayden@cloudservetechcentral.com)
[info] 
     ######## #### ########  ######## ########     ###     ######  ########
     ##        ##  ##     ## ##       ##     ##  ##   ##  ##       ##
     ######    ##  ########  ######   ########  #########  ######  ######
     ##        ##  ##    ##  ##       ##     ## ##     ##       ## ##
     ##       #### ##     ## ######## ########  ##     ##  ######  ########

You're about to initialize a Firebase project in this directory:

  C:\Users\kayde\Desktop\000_projects\whatsappclone-v1

Before we get started, keep in mind:

  * You are initializing within an existing Firebase project directory

[info] 
=== Project Setup
[info] 
[info] First, let's associate this project directory with a Firebase project.
[info] You can create multiple project aliases by running firebase use --add, 
[info] but for now we'll just set up a default project.
[info] 
[info] i  .firebaserc already has a default project, using whatsapp-73989. 
[debug] [2023-06-20T12:06:09.730Z] >>> [apiv2][query] GET https://firebase.googleapis.com/v1beta1/projects/whatsapp-73989 [none]
[debug] [2023-06-20T12:06:10.274Z] <<< [apiv2][status] GET https://firebase.googleapis.com/v1beta1/projects/whatsapp-73989 403
[debug] [2023-06-20T12:06:10.274Z] <<< [apiv2][body] GET https://firebase.googleapis.com/v1beta1/projects/whatsapp-73989 {"error":{"code":403,"message":"The caller does not have permission","status":"PERMISSION_DENIED"}}
[debug] [2023-06-20T12:06:10.275Z] HTTP Error: 403, The caller does not have permission
[debug] [2023-06-20T12:06:10.316Z] FirebaseError: HTTP Error: 403, The caller does not have permission
    at responseToError (C:\Users\kayde\AppData\Roaming\npm\node_modules\firebase-tools\lib\responseToError.js:49:12)
    at RetryOperation._fn (C:\Users\kayde\AppData\Roaming\npm\node_modules\firebase-tools\lib\apiv2.js:288:77)
    at process.processTicksAndRejections (node:internal/process/task_queues:95:5)
[error] 
[error] Error: Failed to get Firebase project whatsapp-73989. Please make sure the project exists and your account has permission to access it.
[debug] [2023-06-20T12:07:19.308Z] ----------------------------------------------------------------------
[debug] [2023-06-20T12:07:19.310Z] Command:       C:\Program Files\nodejs\node.exe C:\Users\kayde\AppData\Roaming\npm\node_modules\firebase-tools\lib\bin\firebase.js init
[debug] [2023-06-20T12:07:19.310Z] CLI Version:   12.4.0
[debug] [2023-06-20T12:07:19.310Z] Platform:      win32
[debug] [2023-06-20T12:07:19.310Z] Node Version:  v18.16.0
[debug] [2023-06-20T12:07:19.311Z] Time:          Tue Jun 20 2023 20:07:19 GMT+0800 (Singapore Standard Time)
[debug] [2023-06-20T12:07:19.311Z] ----------------------------------------------------------------------
[debug] 
[debug] [2023-06-20T12:07:19.369Z] > command requires scopes: ["email","openid","https://www.googleapis.com/auth/cloudplatformprojects.readonly","https://www.googleapis.com/auth/firebase","https://www.googleapis.com/auth/cloud-platform"]
[debug] [2023-06-20T12:07:19.370Z] > authorizing via signed-in user (kayden@cloudservetechcentral.com)
[info] 
     ######## #### ########  ######## ########     ###     ######  ########
     ##        ##  ##     ## ##       ##     ##  ##   ##  ##       ##
     ######    ##  ########  ######   ########  #########  ######  ######
     ##        ##  ##    ##  ##       ##     ## ##     ##       ## ##
     ##       #### ##     ## ######## ########  ##     ##  ######  ########

You're about to initialize a Firebase project in this directory:

  C:\Users\kayde\Desktop\000_projects\whatsappclone-v1

Before we get started, keep in mind:

  * You are initializing within an existing Firebase project directory

[info] 
=== Project Setup
[info] 
[info] First, let's associate this project directory with a Firebase project.
[info] You can create multiple project aliases by running firebase use --add, 
[info] but for now we'll just set up a default project.
[info] 
[info] i  .firebaserc already has a default project, using whatsappclone-v1. 
[debug] [2023-06-20T12:07:21.773Z] >>> [apiv2][query] GET https://firebase.googleapis.com/v1beta1/projects/whatsappclone-v1 [none]
[debug] [2023-06-20T12:07:22.368Z] <<< [apiv2][status] GET https://firebase.googleapis.com/v1beta1/projects/whatsappclone-v1 200
[debug] [2023-06-20T12:07:22.368Z] <<< [apiv2][body] GET https://firebase.googleapis.com/v1beta1/projects/whatsappclone-v1 {"projectId":"whatsappclone-v1","projectNumber":"703537599649","displayName":"whatsappclone-v1","name":"projects/whatsappclone-v1","resources":{"hostingSite":"whatsappclone-v1"},"state":"ACTIVE","etag":"1_67485b81-15b4-4916-b093-4abf3e53c169"}
[info] 
=== Database Setup
[info] i  database: ensuring required API firebasedatabase.googleapis.com is enabled... 
[debug] [2023-06-20T12:07:22.369Z] >>> [apiv2][query] GET https://serviceusage.googleapis.com/v1/projects/whatsappclone-v1/services/firebasedatabase.googleapis.com [none]
[debug] [2023-06-20T12:07:22.369Z] >>> [apiv2][(partial)header] GET https://serviceusage.googleapis.com/v1/projects/whatsappclone-v1/services/firebasedatabase.googleapis.com x-goog-quota-user=projects/whatsappclone-v1
[debug] [2023-06-20T12:07:23.787Z] <<< [apiv2][status] GET https://serviceusage.googleapis.com/v1/projects/whatsappclone-v1/services/firebasedatabase.googleapis.com 200
[debug] [2023-06-20T12:07:23.787Z] <<< [apiv2][body] GET https://serviceusage.googleapis.com/v1/projects/whatsappclone-v1/services/firebasedatabase.googleapis.com [omitted]
[warn] !  database: missing required API firebasedatabase.googleapis.com. Enabling now... 
[debug] [2023-06-20T12:07:23.788Z] >>> [apiv2][query] POST https://serviceusage.googleapis.com/v1/projects/whatsappclone-v1/services/firebasedatabase.googleapis.com:enable [none]
[debug] [2023-06-20T12:07:23.789Z] >>> [apiv2][(partial)header] POST https://serviceusage.googleapis.com/v1/projects/whatsappclone-v1/services/firebasedatabase.googleapis.com:enable x-goog-quota-user=projects/whatsappclone-v1
[debug] [2023-06-20T12:07:25.393Z] <<< [apiv2][status] POST https://serviceusage.googleapis.com/v1/projects/whatsappclone-v1/services/firebasedatabase.googleapis.com:enable 200
[debug] [2023-06-20T12:07:25.393Z] <<< [apiv2][body] POST https://serviceusage.googleapis.com/v1/projects/whatsappclone-v1/services/firebasedatabase.googleapis.com:enable [omitted]
[debug] [2023-06-20T12:07:35.404Z] >>> [apiv2][query] GET https://serviceusage.googleapis.com/v1/projects/whatsappclone-v1/services/firebasedatabase.googleapis.com [none]
[debug] [2023-06-20T12:07:35.404Z] >>> [apiv2][(partial)header] GET https://serviceusage.googleapis.com/v1/projects/whatsappclone-v1/services/firebasedatabase.googleapis.com x-goog-quota-user=projects/whatsappclone-v1
[debug] [2023-06-20T12:07:36.793Z] <<< [apiv2][status] GET https://serviceusage.googleapis.com/v1/projects/whatsappclone-v1/services/firebasedatabase.googleapis.com 200
[debug] [2023-06-20T12:07:36.793Z] <<< [apiv2][body] GET https://serviceusage.googleapis.com/v1/projects/whatsappclone-v1/services/firebasedatabase.googleapis.com [omitted]
[info] +  database: required API firebasedatabase.googleapis.com is enabled 
[info] 
[debug] [2023-06-20T12:07:36.797Z] >>> [apiv2][query] GET https://firebase.googleapis.com/v1beta1/projects/whatsappclone-v1 [none]
[debug] [2023-06-20T12:07:37.095Z] <<< [apiv2][status] GET https://firebase.googleapis.com/v1beta1/projects/whatsappclone-v1 200
[debug] [2023-06-20T12:07:37.095Z] <<< [apiv2][body] GET https://firebase.googleapis.com/v1beta1/projects/whatsappclone-v1 {"projectId":"whatsappclone-v1","projectNumber":"703537599649","displayName":"whatsappclone-v1","name":"projects/whatsappclone-v1","resources":{"hostingSite":"whatsappclone-v1"},"state":"ACTIVE","etag":"1_67485b81-15b4-4916-b093-4abf3e53c169"}
[debug] [2023-06-20T12:07:45.865Z] ----------------------------------------------------------------------
[debug] [2023-06-20T12:07:45.867Z] Command:       C:\Program Files\nodejs\node.exe C:\Users\kayde\AppData\Roaming\npm\node_modules\firebase-tools\lib\bin\firebase.js init
[debug] [2023-06-20T12:07:45.867Z] CLI Version:   12.4.0
[debug] [2023-06-20T12:07:45.867Z] Platform:      win32
[debug] [2023-06-20T12:07:45.867Z] Node Version:  v18.16.0
[debug] [2023-06-20T12:07:45.868Z] Time:          Tue Jun 20 2023 20:07:45 GMT+0800 (Singapore Standard Time)
[debug] [2023-06-20T12:07:45.868Z] ----------------------------------------------------------------------
[debug] 
[debug] [2023-06-20T12:07:45.936Z] > command requires scopes: ["email","openid","https://www.googleapis.com/auth/cloudplatformprojects.readonly","https://www.googleapis.com/auth/firebase","https://www.googleapis.com/auth/cloud-platform"]
[debug] [2023-06-20T12:07:45.936Z] > authorizing via signed-in user (kayden@cloudservetechcentral.com)
[info] 
     ######## #### ########  ######## ########     ###     ######  ########
     ##        ##  ##     ## ##       ##     ##  ##   ##  ##       ##
     ######    ##  ########  ######   ########  #########  ######  ######
     ##        ##  ##    ##  ##       ##     ## ##     ##       ## ##
     ##       #### ##     ## ######## ########  ##     ##  ######  ########

You're about to initialize a Firebase project in this directory:

  C:\Users\kayde\Desktop\000_projects\whatsappclone-v1

Before we get started, keep in mind:

  * You are initializing within an existing Firebase project directory

[info] 
=== Project Setup
[info] 
[info] First, let's associate this project directory with a Firebase project.
[info] You can create multiple project aliases by running firebase use --add, 
[info] but for now we'll just set up a default project.
[info] 
[info] i  .firebaserc already has a default project, using whatsappclone-v1. 
[debug] [2023-06-20T12:08:08.053Z] >>> [apiv2][query] GET https://firebase.googleapis.com/v1beta1/projects/whatsappclone-v1 [none]
[debug] [2023-06-20T12:08:08.440Z] <<< [apiv2][status] GET https://firebase.googleapis.com/v1beta1/projects/whatsappclone-v1 200
[debug] [2023-06-20T12:08:08.440Z] <<< [apiv2][body] GET https://firebase.googleapis.com/v1beta1/projects/whatsappclone-v1 {"projectId":"whatsappclone-v1","projectNumber":"703537599649","displayName":"whatsappclone-v1","name":"projects/whatsappclone-v1","resources":{"hostingSite":"whatsappclone-v1"},"state":"ACTIVE","etag":"1_67485b81-15b4-4916-b093-4abf3e53c169"}
[info] 
=== Hosting Setup
[info] 
[info] Your public directory is the folder (relative to your project directory) that
[info] will contain Hosting assets to be uploaded with firebase deploy. If you
[info] have a build process for your assets, use your build's output directory.
[info] 
[debug] [2023-06-20T12:08:28.110Z] >>> [apiv2][query] GET https://www.gstatic.com/firebasejs/releases.json [none]
[debug] [2023-06-20T12:08:28.146Z] <<< [apiv2][status] GET https://www.gstatic.com/firebasejs/releases.json 200
[debug] [2023-06-20T12:08:28.146Z] <<< [apiv2][body] GET https://www.gstatic.com/firebasejs/releases.json {"current":{"version":"9.22.2","browserURL":"https://www.gstatic.com/firebasejs/9.22.2/firebase.js","packageURL":"https://www.gstatic.com/firebasejs/9.22.2/firebase.tgz"},"live":{"version":"9.22","browserURL":"https://www.gstatic.com/firebasejs/live/9.22/firebase.js","packageURL":"https://www.gstatic.com/firebasejs/live/9.22/firebase.tgz"},"components":{"analytics":"https://www.gstatic.com/firebasejs/9.22.2/firebase-analytics.js","app":"https://www.gstatic.com/firebasejs/9.22.2/firebase-app.js","app-check":"https://www.gstatic.com/firebasejs/9.22.2/firebase-app-check.js","auth":"https://www.gstatic.com/firebasejs/9.22.2/firebase-auth.js","auth/cordova":"https://www.gstatic.com/firebasejs/9.22.2/firebase-auth/cordova.js","auth/react-native":"https://www.gstatic.com/firebasejs/9.22.2/firebase-auth/react-native.js","functions":"https://www.gstatic.com/firebasejs/9.22.2/firebase-functions.js","firestore":"https://www.gstatic.com/firebasejs/9.22.2/firebase-firestore.js","firestore/lite":"https://www.gstatic.com/firebasejs/9.22.2/firebase-firestore/lite.js","installations":"https://www.gstatic.com/firebasejs/9.22.2/firebase-installations.js","storage":"https://www.gstatic.com/firebasejs/9.22.2/firebase-storage.js","performance":"https://www.gstatic.com/firebasejs/9.22.2/firebase-performance.js","remote-config":"https://www.gstatic.com/firebasejs/9.22.2/firebase-remote-config.js","messaging":"https://www.gstatic.com/firebasejs/9.22.2/firebase-messaging.js","messaging/sw":"https://www.gstatic.com/firebasejs/9.22.2/firebase-messaging/sw.js","database":"https://www.gstatic.com/firebasejs/9.22.2/firebase-database.js","firestore.memory":"https://www.gstatic.com/firebasejs/9.22.2/firebase-firestore.memory.js"}}
[info] +  Wrote build/index.html 
[info] 
[info] i  Detected a .git folder at C:\Users\kayde\Desktop\000_projects\whatsappclone-v1 
[info] i  Authorizing with GitHub to upload your service account to a GitHub repository's secrets store. 
[info] 
[info] Visit this URL on this device to log in:
[info] https://github.com/login/oauth/authorize?client_id=89cf50f02ac6aaed3484&state=168921831&redirect_uri=http%3A%2F%2Flocalhost%3A9005&scope=read%3Auser%20repo%20public_repo
[info] 
[info] Waiting for authentication...
[debug] [2023-06-20T12:08:38.950Z] >>> [apiv2][query] POST https://github.com/login/oauth/access_token [none]
[debug] [2023-06-20T12:08:38.950Z] >>> [apiv2][body] POST https://github.com/login/oauth/access_token [stream]
[debug] [2023-06-20T12:08:39.286Z] <<< [apiv2][status] POST https://github.com/login/oauth/access_token 200
[debug] [2023-06-20T12:08:39.287Z] <<< [apiv2][body] POST https://github.com/login/oauth/access_token {"access_token":"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","token_type":"bearer","scope":"read:user,repo"}
[debug] [2023-06-20T12:08:39.291Z] >>> [apiv2][query] GET https://api.github.com/user [none]
[debug] [2023-06-20T12:08:39.653Z] <<< [apiv2][status] GET https://api.github.com/user 200
[debug] [2023-06-20T12:08:39.653Z] <<< [apiv2][body] GET https://api.github.com/user {"login":"rocktheserver","id":135521985,"node_id":"U_kgDOCBPmwQ","avatar_url":"https://avatars.githubusercontent.com/u/135521985?v=4","gravatar_id":"","url":"https://api.github.com/users/rocktheserver","html_url":"https://github.com/rocktheserver","followers_url":"https://api.github.com/users/rocktheserver/followers","following_url":"https://api.github.com/users/rocktheserver/following{/other_user}","gists_url":"https://api.github.com/users/rocktheserver/gists{/gist_id}","starred_url":"https://api.github.com/users/rocktheserver/starred{/owner}{/repo}","subscriptions_url":"https://api.github.com/users/rocktheserver/subscriptions","organizations_url":"https://api.github.com/users/rocktheserver/orgs","repos_url":"https://api.github.com/users/rocktheserver/repos","events_url":"https://api.github.com/users/rocktheserver/events{/privacy}","received_events_url":"https://api.github.com/users/rocktheserver/received_events","type":"User","site_admin":false,"name":null,"company":null,"blog":"","location":null,"email":null,"hireable":null,"bio":null,"twitter_username":null,"public_repos":0,"public_gists":0,"followers":0,"following":1,"created_at":"2023-06-04T13:21:21Z","updated_at":"2023-06-14T07:07:38Z","private_gists":0,"total_private_repos":1,"owned_private_repos":0,"disk_usage":0,"collaborators":0,"two_factor_authentication":false,"plan":{"name":"free","space":976562499,"collaborators":0,"private_repos":10000}}
[info] 
[info] +  Success! Logged into GitHub as rocktheserver 
[info] 
